<?xml version="1.0" encoding="UTF-8"?>
<!-- Generated by org.testng.reporters.JUnitXMLReporter -->
<testsuite hostname="DESKTOP-TP0PMHA" name="Test" tests="59" failures="0" timestamp="12 Jun 2019 11:16:38 GMT" time="1304.651" errors="0">
  <testcase name="login" time="21.749" classname="commusoftstage.commustageJ"/>
  <testcase name="Create_customer" time="11.092" classname="commusoftstage.commustageJ"/>
  <testcase name="Edit_customer" time="9.097" classname="commusoftstage.commustageJ"/>
  <testcase name="Create_job" time="41.376" classname="commusoftstage.commustageJ"/>
  <testcase name="Edit_job" time="22.961" classname="commusoftstage.commustageJ"/>
  <testcase name="OfficeTask" time="16.193" classname="commusoftstage.commustageJ"/>
  <testcase name="JobReminder" time="13.45" classname="commusoftstage.commustageJ"/>
  <testcase name="EditJobReminder" time="10.205" classname="commusoftstage.commustageJ"/>
  <testcase name="AddAttachFile" time="28.416" classname="commusoftstage.commustageJ"/>
  <testcase name="Addinvoice_NoBreakDown" time="14.774" classname="commusoftstage.commustageJ"/>
  <testcase name="Editinvoice_NoBreakDown" time="14.111" classname="commusoftstage.commustageJ"/>
  <testcase name="View_NoBreakDown" time="14.819" classname="commusoftstage.commustageJ"/>
  <testcase name="Payment_NoBreakDown" time="9.06" classname="commusoftstage.commustageJ"/>
  <testcase name="Addinvoice_Breakdownbycategory" time="31.533" classname="commusoftstage.commustageJ"/>
  <testcase name="Editinvoice_Breakdownbycategory" time="14.53" classname="commusoftstage.commustageJ"/>
  <testcase name="Payment_Breakdownbycategory" time="8.889" classname="commusoftstage.commustageJ"/>
  <testcase name="Addinvoice_Fullbreakdown" time="32.799" classname="commusoftstage.commustageJ"/>
  <testcase name="Payment_Fullbreakdown" time="13.011" classname="commusoftstage.commustageJ"/>
  <testcase name="Addinvoice_Fullbreakdownbycategory" time="31.9" classname="commusoftstage.commustageJ"/>
  <testcase name="RejectEstimate" time="68.558" classname="commusoftstage.commustageJ"/>
  <testcase name="ConvertEstimateToJob" time="64.649" classname="commusoftstage.commustageJ"/>
  <testcase name="CreateWorkAddress" time="16.524" classname="commusoftstage.commustageJ"/>
  <testcase name="Edit_WorkAddress" time="9.538" classname="commusoftstage.commustageJ"/>
  <testcase name="WorkAddressCreate_job" time="39.095" classname="commusoftstage.commustageJ"/>
  <testcase name="WorkAddressEdit_job" time="28.069" classname="commusoftstage.commustageJ"/>
  <testcase name="WorkAddressOfficeTask" time="15.099" classname="commusoftstage.commustageJ"/>
  <testcase name="WorkAddressJobReminder" time="15.256" classname="commusoftstage.commustageJ"/>
  <testcase name="WorkAddressEditJobReminder" time="10.208" classname="commusoftstage.commustageJ"/>
  <testcase name="WorkAddressAddAttachFile" time="21.65" classname="commusoftstage.commustageJ"/>
  <testcase name="WorkAddressAddinvoice_NoBreakDown" time="14.708" classname="commusoftstage.commustageJ"/>
  <testcase name="WorkAddressEditinvoice_NoBreakDown" time="12.825" classname="commusoftstage.commustageJ"/>
  <testcase name="WorkAddressView_NoBreakDown" time="14.727" classname="commusoftstage.commustageJ"/>
  <testcase name="WorkAddressPayment_NoBreakDown" time="8.955" classname="commusoftstage.commustageJ"/>
  <testcase name="WorkAddressAddinvoice_Breakdownbycategory" time="31.748" classname="commusoftstage.commustageJ"/>
  <testcase name="WorkAddressEditinvoice_Breakdownbycategory" time="14.727" classname="commusoftstage.commustageJ"/>
  <testcase name="WorkAddressPayment_Breakdownbycategory" time="8.506" classname="commusoftstage.commustageJ"/>
  <testcase name="WorkAddressAddinvoice_Fullbreakdown" time="33.656" classname="commusoftstage.commustageJ"/>
  <testcase name="WorkAddressPayment_Fullbreakdown" time="13.149" classname="commusoftstage.commustageJ"/>
  <testcase name="WorkAddressAddinvoice_Fullbreakdownbycategory" time="31.925" classname="commusoftstage.commustageJ"/>
  <testcase name="CreateWorkAddressEstimate" time="56.346" classname="commusoftstage.commustageJ"/>
  <testcase name="Diary_NormallEvent" time="16.218" classname="commusoftstage.commustageJ"/>
  <testcase name="Diary_EstimateEvent" time="32.731" classname="commusoftstage.commustageJ"/>
  <testcase name="Diary_JobEvent" time="32.434" classname="commusoftstage.commustageJ"/>
  <testcase name="Diary_JobEventwithnewcustomer" time="40.028" classname="commusoftstage.commustageJ"/>
  <testcase name="Create_Supplier" time="16.827" classname="commusoftstage.commustageJ"/>
  <testcase name="Edit_Supplier" time="13.266" classname="commusoftstage.commustageJ"/>
  <testcase name="Supplier_po" time="19.47" classname="commusoftstage.commustageJ"/>
  <testcase name="Supplier_Invoice" time="19.394" classname="commusoftstage.commustageJ"/>
  <testcase name="Supplier_EditInvoice" time="19.54" classname="commusoftstage.commustageJ"/>
  <testcase name="Supplier_creditnote" time="30.73" classname="commusoftstage.commustageJ"/>
  <testcase name="Create_Company" time="15.855" classname="commusoftstage.commustageJ"/>
  <testcase name="Edit_Company" time="9.303" classname="commusoftstage.commustageJ"/>
  <testcase name="Create_Companyjob" time="9.062" classname="commusoftstage.commustageJ"/>
  <testcase name="Company_WorkAddress" time="13.369" classname="commusoftstage.commustageJ"/>
  <testcase name="SolarSearch" time="3.328" classname="commusoftstage.commustageJ"/>
  <testcase name="Customer_AfterSalesCare" time="61.318" classname="commusoftstage.commustageJ"/>
  <testcase name="service_reminder" time="34.975" classname="commusoftstage.commustageJ"/>
  <testcase name="Customer_NotesCommunication" time="16.013" classname="commusoftstage.commustageJ"/>
  <testcase name="Customer_Createcontact" time="9.533" classname="commusoftstage.commustageJ"/>
</testsuite> <!-- Test -->
